<?xml version="1.0" encoding="UTF-8"?>
<testsuite xmlns:xsi="http://www.w3.org/2001/XMLSchema-instance" xsi:noNamespaceSchemaLocation="https://maven.apache.org/surefire/maven-surefire-plugin/xsd/surefire-test-report.xsd" name="edu.whut.cs.jee.mooc.mclass.service.ExerciseServiceTest" time="0.391" tests="1" errors="0" skipped="0" failures="0">
  <properties>
[...]
</properties>
  <testcase name="testSaveExercise" classname="edu.whut.cs.jee.mooc.mclass.service.ExerciseServiceTest" time="0.217"/>
</testsuite>